TN:
SF:src/basket.ts

FN:29,calculateBasketTotal
FN:74,isBasketEmpty
FN:78,calculateItemCount
FN:82,hasDiscount
FN:86,validateItem
FN:104,validateDiscountCode
FN:116,roundToTwoDecimals

FNF:7
FNH:7

FNDA:12,calculateBasketTotal
FNDA:1,isBasketEmpty
FNDA:1,calculateItemCount
FNDA:1,hasDiscount
FNDA:10,validateItem
FNDA:3,validateDiscountCode
FNDA:8,roundToTwoDecimals

DA:29,12
DA:33,1
DA:36,1
DA:42,11
DA:43,10
DA:45,10
DA:47,10
DA:49,10
DA:51,7
DA:56,10
DA:58,3
DA:60,2
DA:65,10
DA:67,10
DA:68,10
DA:69,10

DA:74,1
DA:75,1

DA:78,1
DA:79,1

DA:82,1
DA:83,1

DA:86,10
DA:87,1
DA:91,1
DA:95,1
DA:99,1

DA:104,3
DA:105,1
DA:109,1

DA:116,8
DA:117,8

LF:29
LH:29

BRF:10
BRH:10

end_of_record